{
  "RSpec": {
    "coverage": {
      "/Users/UsmaanJ/Desktop/Projects/till_tech_test/app.rb": [
        1,
        null,
        1,
        1,
        0,
        null,
        null,
        null,
        1,
        null
      ],
      "/Users/UsmaanJ/Desktop/Projects/till_tech_test/spec/menu_spec.rb": [
        1,
        null,
        1,
        null,
        1,
        1,
        null,
        null,
        null
      ],
      "/Users/UsmaanJ/Desktop/Projects/till_tech_test/lib/menu.rb": [
        1,
        null,
        1,
        null,
        1,
        7,
        null,
        null,
        null,
        null,
        null,
        null,
        null,
        null,
        null,
        null,
        null,
        null,
        null,
        null,
        null,
        null,
        null,
        1,
        0,
        null,
        null
      ],
      "/Users/UsmaanJ/Desktop/Projects/till_tech_test/spec/order_spec.rb": [
        1,
        null,
        1,
        null,
        1,
        1,
        null,
        null,
        1,
        1,
        1,
        null,
        null,
        1,
        2,
        null,
        null,
        1,
        1,
        1,
        1,
        null,
        null,
        1,
        1,
        1,
        null,
        null,
        1,
        1,
        1,
        null,
        null,
        null
      ],
      "/Users/UsmaanJ/Desktop/Projects/till_tech_test/lib/order.rb": [
        1,
        null,
        1,
        null,
        1,
        null,
        1,
        6,
        6,
        6,
        null,
        null,
        1,
        6,
        5,
        5,
        null,
        null,
        1,
        0,
        null,
        null,
        1,
        null,
        2,
        2,
        null,
        null,
        1,
        2,
        4,
        null,
        null,
        1,
        null,
        1,
        5,
        null,
        null,
        1,
        5,
        null,
        null,
        null
      ]
    },
    "timestamp": 1447857067
  }
}
